<?xml version="1.0" encoding="UTF-8"?>
<testng-results ignored="0" total="1" passed="1" failed="0" skipped="0">
  <reporter-output>
  </reporter-output>
  <suite started-at="2022-01-28T02:13:08 EST" name="Default suite" finished-at="2022-01-28T02:14:04 EST" duration-ms="56338">
    <groups>
    </groups>
    <test started-at="2022-01-28T02:13:08 EST" name="Default test" finished-at="2022-01-28T02:14:04 EST" duration-ms="56338">
      <class name="testCases.Ecommerce">
        <test-method signature="mySecondTest()[pri:0, instance:testCases.Ecommerce@49c7b90e]" started-at="2022-01-28T02:13:08 EST" name="mySecondTest" finished-at="2022-01-28T02:14:04 EST" duration-ms="56301" status="PASS">
          <reporter-output>
          </reporter-output>
        </test-method> <!-- mySecondTest -->
      </class> <!-- testCases.Ecommerce -->
    </test> <!-- Default test -->
  </suite> <!-- Default suite -->
</testng-results>
